{"file":"/Users/gdyg/Downloads/gin-frame/pkg/logger/logger.go:31","func":"gin-frame/router.Router.RequestLogger.func1","ip":"::1","level":"info","method":"GET","msg":"Incoming request","path":"/user/info/1","time":"2024-09-20T18:15:22+08:00"}
{"file":"/Users/gdyg/Downloads/gin-frame/pkg/logger/logger.go:31","func":"gin-frame/router.Router.RequestLogger.func1","ip":"::1","level":"info","method":"GET","msg":"Incoming request","path":"/user/info/1","time":"2024-09-20T18:15:22+08:00"}
{"file":"/Users/gdyg/Downloads/gin-frame/pkg/logger/logger.go:39","func":"gin-frame/router.Router.RequestLogger.func1","level":"info","msg":"Request handled","status":200,"time":"2024-09-20T18:15:22+08:00"}
{"file":"/Users/gdyg/Downloads/gin-frame/pkg/logger/logger.go:39","func":"gin-frame/router.Router.RequestLogger.func1","level":"info","msg":"Request handled","status":200,"time":"2024-09-20T18:15:22+08:00"}
{"file":"/Users/gdyg/Downloads/gin-frame/pkg/logger/logger.go:33","func":"gin-frame/router.Router.RequestLogger.func1","ip":"::1","level":"info","method":"GET","msg":"Incoming request","path":"/user/info/1","time":"2024-09-20T18:18:39+08:00"}
{"file":"/Users/gdyg/Downloads/gin-frame/pkg/logger/logger.go:33","func":"gin-frame/router.Router.RequestLogger.func1","ip":"::1","level":"info","method":"GET","msg":"Incoming request","path":"/user/info/1","time":"2024-09-20T18:18:39+08:00"}
{"file":"/Users/gdyg/Downloads/gin-frame/pkg/logger/logger.go:41","func":"gin-frame/router.Router.RequestLogger.func1","level":"info","msg":"Request handled","status":200,"time":"2024-09-20T18:18:39+08:00"}
{"file":"/Users/gdyg/Downloads/gin-frame/pkg/logger/logger.go:41","func":"gin-frame/router.Router.RequestLogger.func1","level":"info","msg":"Request handled","status":200,"time":"2024-09-20T18:18:39+08:00"}
{"file":"/Users/gdyg/Downloads/gin-frame/pkg/logger/logger.go:33","func":"gin-frame/router.Router.RequestLogger.func1","ip":"::1","level":"info","method":"GET","msg":"Incoming request","path":"/user/info/1","time":"2024-09-20T18:25:56+08:00"}
{"file":"/Users/gdyg/Downloads/gin-frame/pkg/logger/logger.go:33","func":"gin-frame/router.Router.RequestLogger.func1","ip":"::1","level":"info","method":"GET","msg":"Incoming request","path":"/user/info/1","time":"2024-09-20T18:25:56+08:00"}
{"file":"/Users/gdyg/Downloads/gin-frame/controllers/user.go:67","func":"gin-frame/controllers.UserController.GetUserInfo","ip":"::1","level":"info","method":"GET","msg":"Incoming request","path":"/user/info/1","time":"2024-09-20T18:25:56+08:00"}
{"file":"/Users/gdyg/Downloads/gin-frame/controllers/user.go:67","func":"gin-frame/controllers.UserController.GetUserInfo","ip":"::1","level":"info","method":"GET","msg":"Incoming request","path":"/user/info/1","time":"2024-09-20T18:25:56+08:00"}
{"file":"/Users/gdyg/Downloads/gin-frame/pkg/logger/logger.go:41","func":"gin-frame/router.Router.RequestLogger.func1","level":"info","msg":"Request handled","status":200,"time":"2024-09-20T18:25:56+08:00"}
{"file":"/Users/gdyg/Downloads/gin-frame/pkg/logger/logger.go:41","func":"gin-frame/router.Router.RequestLogger.func1","level":"info","msg":"Request handled","status":200,"time":"2024-09-20T18:25:56+08:00"}
{"file":"/Users/gdyg/Downloads/gin-frame/pkg/logger/logger.go:33","func":"gin-frame/router.Router.RequestLogger.func1","ip":"::1","level":"info","method":"GET","msg":"Incoming request","path":"/user/info/1","time":"2024-09-20T18:29:41+08:00"}
{"file":"/Users/gdyg/Downloads/gin-frame/pkg/logger/logger.go:33","func":"gin-frame/router.Router.RequestLogger.func1","ip":"::1","level":"info","method":"GET","msg":"Incoming request","path":"/user/info/1","time":"2024-09-20T18:29:41+08:00"}
{"file":"/Users/gdyg/Downloads/gin-frame/controllers/user.go:67","func":"gin-frame/controllers.UserController.GetUserInfo","ip":"::1","level":"error","method":"GET","msg":"Incoming request","path":"/user/info/1","time":"2024-09-20T18:29:41+08:00"}
{"file":"/Users/gdyg/Downloads/gin-frame/controllers/user.go:67","func":"gin-frame/controllers.UserController.GetUserInfo","ip":"::1","level":"error","method":"GET","msg":"Incoming request","path":"/user/info/1","time":"2024-09-20T18:29:41+08:00"}
{"file":"/Users/gdyg/Downloads/gin-frame/pkg/logger/logger.go:41","func":"gin-frame/router.Router.RequestLogger.func1","level":"info","msg":"Request handled","status":200,"time":"2024-09-20T18:29:41+08:00"}
{"file":"/Users/gdyg/Downloads/gin-frame/pkg/logger/logger.go:41","func":"gin-frame/router.Router.RequestLogger.func1","level":"info","msg":"Request handled","status":200,"time":"2024-09-20T18:29:41+08:00"}
{"file":"/Users/gdyg/Downloads/gin-frame/pkg/logger/logger.go:33","func":"gin-frame/router.Router.RequestLogger.func1","ip":"::1","level":"info","method":"GET","msg":"Incoming request","path":"/user/info/1","time":"2024-09-20T18:32:19+08:00"}
{"file":"/Users/gdyg/Downloads/gin-frame/pkg/logger/logger.go:33","func":"gin-frame/router.Router.RequestLogger.func1","ip":"::1","level":"info","method":"GET","msg":"Incoming request","path":"/user/info/1","time":"2024-09-20T18:32:19+08:00"}
{"file":"/Users/gdyg/Downloads/gin-frame/controllers/user.go:67","func":"gin-frame/controllers.UserController.GetUserInfo","ip":"::1","level":"fatal","method":"GET","msg":"Incoming request","path":"/user/info/1","time":"2024-09-20T18:32:19+08:00"}
{"file":"/Users/gdyg/Downloads/gin-frame/controllers/user.go:67","func":"gin-frame/controllers.UserController.GetUserInfo","ip":"::1","level":"fatal","method":"GET","msg":"Incoming request","path":"/user/info/1","time":"2024-09-20T18:32:19+08:00"}
