{"file":"/Users/gdyg/Downloads/gin-frame/pkg/logger/logger.go:31","func":"gin-frame/router.Router.RequestLogger.func3","ip":"::1","level":"info","method":"GET","msg":"Incoming request","path":"/user/list","time":"2024-06-13T00:01:40+08:00"}
{"file":"/Users/gdyg/Downloads/gin-frame/pkg/logger/logger.go:31","func":"gin-frame/router.Router.RequestLogger.func3","ip":"::1","level":"info","method":"GET","msg":"Incoming request","path":"/user/list","time":"2024-06-13T00:01:40+08:00"}
{"file":"/Users/gdyg/Downloads/gin-frame/pkg/logger/logger.go:39","func":"gin-frame/router.Router.RequestLogger.func3","level":"info","msg":"Request handled","status":200,"time":"2024-06-13T00:01:40+08:00"}
{"file":"/Users/gdyg/Downloads/gin-frame/pkg/logger/logger.go:39","func":"gin-frame/router.Router.RequestLogger.func3","level":"info","msg":"Request handled","status":200,"time":"2024-06-13T00:01:40+08:00"}
{"file":"/Users/gdyg/Downloads/gin-frame/pkg/logger/logger.go:31","func":"gin-frame/router.Router.RequestLogger.func3","ip":"::1","level":"info","method":"GET","msg":"Incoming request","path":"/user/list","time":"2024-06-13T00:02:36+08:00"}
{"file":"/Users/gdyg/Downloads/gin-frame/pkg/logger/logger.go:31","func":"gin-frame/router.Router.RequestLogger.func3","ip":"::1","level":"info","method":"GET","msg":"Incoming request","path":"/user/list","time":"2024-06-13T00:02:36+08:00"}
{"file":"/Users/gdyg/Downloads/gin-frame/pkg/logger/logger.go:39","func":"gin-frame/router.Router.RequestLogger.func3","level":"info","msg":"Request handled","status":200,"time":"2024-06-13T00:02:36+08:00"}
{"file":"/Users/gdyg/Downloads/gin-frame/pkg/logger/logger.go:39","func":"gin-frame/router.Router.RequestLogger.func3","level":"info","msg":"Request handled","status":200,"time":"2024-06-13T00:02:36+08:00"}
{"file":"/Users/gdyg/Downloads/gin-frame/pkg/logger/logger.go:31","func":"gin-frame/router.Router.RequestLogger.func3","ip":"::1","level":"info","method":"GET","msg":"Incoming request","path":"/user/list","time":"2024-06-13T18:37:28+08:00"}
{"file":"/Users/gdyg/Downloads/gin-frame/pkg/logger/logger.go:31","func":"gin-frame/router.Router.RequestLogger.func3","ip":"::1","level":"info","method":"GET","msg":"Incoming request","path":"/user/list","time":"2024-06-13T18:37:28+08:00"}
{"file":"/Users/gdyg/Downloads/gin-frame/pkg/logger/logger.go:39","func":"gin-frame/router.Router.RequestLogger.func3","level":"info","msg":"Request handled","status":200,"time":"2024-06-13T18:37:28+08:00"}
{"file":"/Users/gdyg/Downloads/gin-frame/pkg/logger/logger.go:39","func":"gin-frame/router.Router.RequestLogger.func3","level":"info","msg":"Request handled","status":200,"time":"2024-06-13T18:37:28+08:00"}
{"file":"/Users/gdyg/Downloads/gin-frame/pkg/logger/logger.go:31","func":"gin-frame/router.Router.RequestLogger.func3","ip":"::1","level":"info","method":"POST","msg":"Incoming request","path":"/user/create","time":"2024-06-13T18:38:11+08:00"}
{"file":"/Users/gdyg/Downloads/gin-frame/pkg/logger/logger.go:31","func":"gin-frame/router.Router.RequestLogger.func3","ip":"::1","level":"info","method":"POST","msg":"Incoming request","path":"/user/create","time":"2024-06-13T18:38:11+08:00"}
{"file":"/Users/gdyg/Downloads/gin-frame/pkg/logger/logger.go:31","func":"gin-frame/router.Router.RequestLogger.func3","ip":"::1","level":"info","method":"POST","msg":"Incoming request","path":"/user/create","time":"2024-06-13T18:38:11+08:00"}
{"file":"/Users/gdyg/Downloads/gin-frame/pkg/logger/logger.go:31","func":"gin-frame/router.Router.RequestLogger.func3","ip":"::1","level":"info","method":"POST","msg":"Incoming request","path":"/user/create","time":"2024-06-13T18:38:11+08:00"}
{"file":"/Users/gdyg/Downloads/gin-frame/pkg/logger/logger.go:39","func":"gin-frame/router.Router.RequestLogger.func3","level":"info","msg":"Request handled","status":200,"time":"2024-06-13T18:38:11+08:00"}
{"file":"/Users/gdyg/Downloads/gin-frame/pkg/logger/logger.go:39","func":"gin-frame/router.Router.RequestLogger.func3","level":"info","msg":"Request handled","status":200,"time":"2024-06-13T18:38:11+08:00"}
{"file":"/Users/gdyg/Downloads/gin-frame/pkg/logger/logger.go:39","func":"gin-frame/router.Router.RequestLogger.func3","level":"info","msg":"Request handled","status":200,"time":"2024-06-13T18:38:11+08:00"}
{"file":"/Users/gdyg/Downloads/gin-frame/pkg/logger/logger.go:39","func":"gin-frame/router.Router.RequestLogger.func3","level":"info","msg":"Request handled","status":200,"time":"2024-06-13T18:38:11+08:00"}
{"file":"/Users/gdyg/Downloads/gin-frame/pkg/logger/logger.go:31","func":"gin-frame/router.Router.RequestLogger.func3","ip":"::1","level":"info","method":"POST","msg":"Incoming request","path":"/user/create","time":"2024-06-13T18:39:00+08:00"}
{"file":"/Users/gdyg/Downloads/gin-frame/pkg/logger/logger.go:31","func":"gin-frame/router.Router.RequestLogger.func3","ip":"::1","level":"info","method":"POST","msg":"Incoming request","path":"/user/create","time":"2024-06-13T18:39:00+08:00"}
{"file":"/Users/gdyg/Downloads/gin-frame/pkg/logger/logger.go:31","func":"gin-frame/router.Router.RequestLogger.func3","ip":"::1","level":"info","method":"POST","msg":"Incoming request","path":"/user/create","time":"2024-06-13T18:39:00+08:00"}
{"file":"/Users/gdyg/Downloads/gin-frame/pkg/logger/logger.go:31","func":"gin-frame/router.Router.RequestLogger.func3","ip":"::1","level":"info","method":"POST","msg":"Incoming request","path":"/user/create","time":"2024-06-13T18:39:00+08:00"}
{"file":"/Users/gdyg/Downloads/gin-frame/pkg/logger/logger.go:31","func":"gin-frame/router.Router.RequestLogger.func3","ip":"::1","level":"info","method":"POST","msg":"Incoming request","path":"/user/create","time":"2024-06-13T18:39:00+08:00"}
{"file":"/Users/gdyg/Downloads/gin-frame/pkg/logger/logger.go:31","func":"gin-frame/router.Router.RequestLogger.func3","ip":"::1","level":"info","method":"POST","msg":"Incoming request","path":"/user/create","time":"2024-06-13T18:39:00+08:00"}
{"file":"/Users/gdyg/Downloads/gin-frame/pkg/logger/logger.go:39","func":"gin-frame/router.Router.RequestLogger.func3","level":"info","msg":"Request handled","status":200,"time":"2024-06-13T18:39:00+08:00"}
{"file":"/Users/gdyg/Downloads/gin-frame/pkg/logger/logger.go:39","func":"gin-frame/router.Router.RequestLogger.func3","level":"info","msg":"Request handled","status":200,"time":"2024-06-13T18:39:00+08:00"}
{"file":"/Users/gdyg/Downloads/gin-frame/pkg/logger/logger.go:39","func":"gin-frame/router.Router.RequestLogger.func3","level":"info","msg":"Request handled","status":200,"time":"2024-06-13T18:39:00+08:00"}
{"file":"/Users/gdyg/Downloads/gin-frame/pkg/logger/logger.go:39","func":"gin-frame/router.Router.RequestLogger.func3","level":"info","msg":"Request handled","status":200,"time":"2024-06-13T18:39:00+08:00"}
{"file":"/Users/gdyg/Downloads/gin-frame/pkg/logger/logger.go:39","func":"gin-frame/router.Router.RequestLogger.func3","level":"info","msg":"Request handled","status":200,"time":"2024-06-13T18:39:00+08:00"}
{"file":"/Users/gdyg/Downloads/gin-frame/pkg/logger/logger.go:39","func":"gin-frame/router.Router.RequestLogger.func3","level":"info","msg":"Request handled","status":200,"time":"2024-06-13T18:39:00+08:00"}
{"file":"/Users/gdyg/Downloads/gin-frame/pkg/logger/logger.go:31","func":"gin-frame/router.Router.RequestLogger.func3","ip":"::1","level":"info","method":"GET","msg":"Incoming request","path":"/user/list","time":"2024-06-13T18:40:06+08:00"}
{"file":"/Users/gdyg/Downloads/gin-frame/pkg/logger/logger.go:31","func":"gin-frame/router.Router.RequestLogger.func3","ip":"::1","level":"info","method":"GET","msg":"Incoming request","path":"/user/list","time":"2024-06-13T18:40:06+08:00"}
{"file":"/Users/gdyg/Downloads/gin-frame/pkg/logger/logger.go:31","func":"gin-frame/router.Router.RequestLogger.func3","ip":"::1","level":"info","method":"GET","msg":"Incoming request","path":"/user/list","time":"2024-06-13T18:40:06+08:00"}
{"file":"/Users/gdyg/Downloads/gin-frame/pkg/logger/logger.go:31","func":"gin-frame/router.Router.RequestLogger.func3","ip":"::1","level":"info","method":"GET","msg":"Incoming request","path":"/user/list","time":"2024-06-13T18:40:06+08:00"}
{"file":"/Users/gdyg/Downloads/gin-frame/pkg/logger/logger.go:31","func":"gin-frame/router.Router.RequestLogger.func3","ip":"::1","level":"info","method":"GET","msg":"Incoming request","path":"/user/list","time":"2024-06-13T18:40:06+08:00"}
{"file":"/Users/gdyg/Downloads/gin-frame/pkg/logger/logger.go:31","func":"gin-frame/router.Router.RequestLogger.func3","ip":"::1","level":"info","method":"GET","msg":"Incoming request","path":"/user/list","time":"2024-06-13T18:40:06+08:00"}
{"file":"/Users/gdyg/Downloads/gin-frame/pkg/logger/logger.go:31","func":"gin-frame/router.Router.RequestLogger.func3","ip":"::1","level":"info","method":"GET","msg":"Incoming request","path":"/user/list","time":"2024-06-13T18:40:06+08:00"}
{"file":"/Users/gdyg/Downloads/gin-frame/pkg/logger/logger.go:31","func":"gin-frame/router.Router.RequestLogger.func3","ip":"::1","level":"info","method":"GET","msg":"Incoming request","path":"/user/list","time":"2024-06-13T18:40:06+08:00"}
{"file":"/Users/gdyg/Downloads/gin-frame/pkg/logger/logger.go:39","func":"gin-frame/router.Router.RequestLogger.func3","level":"info","msg":"Request handled","status":200,"time":"2024-06-13T18:40:06+08:00"}
{"file":"/Users/gdyg/Downloads/gin-frame/pkg/logger/logger.go:39","func":"gin-frame/router.Router.RequestLogger.func3","level":"info","msg":"Request handled","status":200,"time":"2024-06-13T18:40:06+08:00"}
{"file":"/Users/gdyg/Downloads/gin-frame/pkg/logger/logger.go:39","func":"gin-frame/router.Router.RequestLogger.func3","level":"info","msg":"Request handled","status":200,"time":"2024-06-13T18:40:06+08:00"}
{"file":"/Users/gdyg/Downloads/gin-frame/pkg/logger/logger.go:39","func":"gin-frame/router.Router.RequestLogger.func3","level":"info","msg":"Request handled","status":200,"time":"2024-06-13T18:40:06+08:00"}
{"file":"/Users/gdyg/Downloads/gin-frame/pkg/logger/logger.go:39","func":"gin-frame/router.Router.RequestLogger.func3","level":"info","msg":"Request handled","status":200,"time":"2024-06-13T18:40:06+08:00"}
{"file":"/Users/gdyg/Downloads/gin-frame/pkg/logger/logger.go:39","func":"gin-frame/router.Router.RequestLogger.func3","level":"info","msg":"Request handled","status":200,"time":"2024-06-13T18:40:06+08:00"}
{"file":"/Users/gdyg/Downloads/gin-frame/pkg/logger/logger.go:39","func":"gin-frame/router.Router.RequestLogger.func3","level":"info","msg":"Request handled","status":200,"time":"2024-06-13T18:40:06+08:00"}
{"file":"/Users/gdyg/Downloads/gin-frame/pkg/logger/logger.go:39","func":"gin-frame/router.Router.RequestLogger.func3","level":"info","msg":"Request handled","status":200,"time":"2024-06-13T18:40:06+08:00"}
{"file":"/Users/gdyg/Downloads/gin-frame/pkg/logger/logger.go:31","func":"gin-frame/router.Router.RequestLogger.func3","ip":"::1","level":"info","method":"GET","msg":"Incoming request","path":"/user/info/1","time":"2024-06-13T18:45:14+08:00"}
{"file":"/Users/gdyg/Downloads/gin-frame/pkg/logger/logger.go:31","func":"gin-frame/router.Router.RequestLogger.func3","ip":"::1","level":"info","method":"GET","msg":"Incoming request","path":"/user/info/1","time":"2024-06-13T18:45:14+08:00"}
{"file":"/Users/gdyg/Downloads/gin-frame/pkg/logger/logger.go:39","func":"gin-frame/router.Router.RequestLogger.func3","level":"info","msg":"Request handled","status":200,"time":"2024-06-13T18:45:14+08:00"}
{"file":"/Users/gdyg/Downloads/gin-frame/pkg/logger/logger.go:39","func":"gin-frame/router.Router.RequestLogger.func3","level":"info","msg":"Request handled","status":200,"time":"2024-06-13T18:45:14+08:00"}
{"file":"/Users/gdyg/Downloads/gin-frame/pkg/logger/logger.go:31","func":"gin-frame/router.Router.RequestLogger.func3","ip":"::1","level":"info","method":"GET","msg":"Incoming request","path":"/user/info/1","time":"2024-06-13T18:46:13+08:00"}
{"file":"/Users/gdyg/Downloads/gin-frame/pkg/logger/logger.go:31","func":"gin-frame/router.Router.RequestLogger.func3","ip":"::1","level":"info","method":"GET","msg":"Incoming request","path":"/user/info/1","time":"2024-06-13T18:46:13+08:00"}
{"file":"/Users/gdyg/Downloads/gin-frame/pkg/logger/logger.go:76","func":"gin-frame/router.Router.RecoveryMiddleware.func4.1","level":"error","msg":"Recovered from panic: reflect: reflect.Value.SetInt using unaddressable value","time":"2024-06-13T18:46:13+08:00"}
{"file":"/Users/gdyg/Downloads/gin-frame/pkg/logger/logger.go:76","func":"gin-frame/router.Router.RecoveryMiddleware.func4.1","level":"error","msg":"Recovered from panic: reflect: reflect.Value.SetInt using unaddressable value","time":"2024-06-13T18:46:13+08:00"}
{"file":"/Users/gdyg/Downloads/gin-frame/pkg/logger/logger.go:39","func":"gin-frame/router.Router.RequestLogger.func3","level":"info","msg":"Request handled","status":200,"time":"2024-06-13T18:46:13+08:00"}
{"file":"/Users/gdyg/Downloads/gin-frame/pkg/logger/logger.go:39","func":"gin-frame/router.Router.RequestLogger.func3","level":"info","msg":"Request handled","status":200,"time":"2024-06-13T18:46:13+08:00"}
{"file":"/Users/gdyg/Downloads/gin-frame/pkg/logger/logger.go:31","func":"gin-frame/router.Router.RequestLogger.func3","ip":"::1","level":"info","method":"GET","msg":"Incoming request","path":"/user/info/1","time":"2024-06-13T18:46:39+08:00"}
{"file":"/Users/gdyg/Downloads/gin-frame/pkg/logger/logger.go:31","func":"gin-frame/router.Router.RequestLogger.func3","ip":"::1","level":"info","method":"GET","msg":"Incoming request","path":"/user/info/1","time":"2024-06-13T18:46:39+08:00"}
{"file":"/Users/gdyg/Downloads/gin-frame/pkg/logger/logger.go:76","func":"gin-frame/router.Router.RecoveryMiddleware.func4.1","level":"error","msg":"Recovered from panic: reflect: reflect.Value.SetInt using unaddressable value","time":"2024-06-13T18:46:39+08:00"}
{"file":"/Users/gdyg/Downloads/gin-frame/pkg/logger/logger.go:76","func":"gin-frame/router.Router.RecoveryMiddleware.func4.1","level":"error","msg":"Recovered from panic: reflect: reflect.Value.SetInt using unaddressable value","time":"2024-06-13T18:46:39+08:00"}
{"file":"/Users/gdyg/Downloads/gin-frame/pkg/logger/logger.go:39","func":"gin-frame/router.Router.RequestLogger.func3","level":"info","msg":"Request handled","status":200,"time":"2024-06-13T18:46:39+08:00"}
{"file":"/Users/gdyg/Downloads/gin-frame/pkg/logger/logger.go:39","func":"gin-frame/router.Router.RequestLogger.func3","level":"info","msg":"Request handled","status":200,"time":"2024-06-13T18:46:39+08:00"}
{"file":"/Users/gdyg/Downloads/gin-frame/pkg/logger/logger.go:31","func":"gin-frame/router.Router.RequestLogger.func3","ip":"::1","level":"info","method":"GET","msg":"Incoming request","path":"/user/info/2","time":"2024-06-13T18:46:44+08:00"}
{"file":"/Users/gdyg/Downloads/gin-frame/pkg/logger/logger.go:31","func":"gin-frame/router.Router.RequestLogger.func3","ip":"::1","level":"info","method":"GET","msg":"Incoming request","path":"/user/info/2","time":"2024-06-13T18:46:44+08:00"}
{"file":"/Users/gdyg/Downloads/gin-frame/pkg/logger/logger.go:31","func":"gin-frame/router.Router.RequestLogger.func3","ip":"::1","level":"info","method":"GET","msg":"Incoming request","path":"/user/info/2","time":"2024-06-13T18:46:44+08:00"}
{"file":"/Users/gdyg/Downloads/gin-frame/pkg/logger/logger.go:31","func":"gin-frame/router.Router.RequestLogger.func3","ip":"::1","level":"info","method":"GET","msg":"Incoming request","path":"/user/info/2","time":"2024-06-13T18:46:44+08:00"}
{"file":"/Users/gdyg/Downloads/gin-frame/pkg/logger/logger.go:76","func":"gin-frame/router.Router.RecoveryMiddleware.func4.1","level":"error","msg":"Recovered from panic: reflect: reflect.Value.SetInt using unaddressable value","time":"2024-06-13T18:46:44+08:00"}
{"file":"/Users/gdyg/Downloads/gin-frame/pkg/logger/logger.go:76","func":"gin-frame/router.Router.RecoveryMiddleware.func4.1","level":"error","msg":"Recovered from panic: reflect: reflect.Value.SetInt using unaddressable value","time":"2024-06-13T18:46:44+08:00"}
{"file":"/Users/gdyg/Downloads/gin-frame/pkg/logger/logger.go:76","func":"gin-frame/router.Router.RecoveryMiddleware.func4.1","level":"error","msg":"Recovered from panic: reflect: reflect.Value.SetInt using unaddressable value","time":"2024-06-13T18:46:44+08:00"}
{"file":"/Users/gdyg/Downloads/gin-frame/pkg/logger/logger.go:76","func":"gin-frame/router.Router.RecoveryMiddleware.func4.1","level":"error","msg":"Recovered from panic: reflect: reflect.Value.SetInt using unaddressable value","time":"2024-06-13T18:46:44+08:00"}
{"file":"/Users/gdyg/Downloads/gin-frame/pkg/logger/logger.go:39","func":"gin-frame/router.Router.RequestLogger.func3","level":"info","msg":"Request handled","status":200,"time":"2024-06-13T18:46:44+08:00"}
{"file":"/Users/gdyg/Downloads/gin-frame/pkg/logger/logger.go:39","func":"gin-frame/router.Router.RequestLogger.func3","level":"info","msg":"Request handled","status":200,"time":"2024-06-13T18:46:44+08:00"}
{"file":"/Users/gdyg/Downloads/gin-frame/pkg/logger/logger.go:39","func":"gin-frame/router.Router.RequestLogger.func3","level":"info","msg":"Request handled","status":200,"time":"2024-06-13T18:46:44+08:00"}
{"file":"/Users/gdyg/Downloads/gin-frame/pkg/logger/logger.go:39","func":"gin-frame/router.Router.RequestLogger.func3","level":"info","msg":"Request handled","status":200,"time":"2024-06-13T18:46:44+08:00"}
{"file":"/Users/gdyg/Downloads/gin-frame/pkg/logger/logger.go:31","func":"gin-frame/router.Router.RequestLogger.func3","ip":"::1","level":"info","method":"GET","msg":"Incoming request","path":"/user/info/2","time":"2024-06-13T18:46:56+08:00"}
{"file":"/Users/gdyg/Downloads/gin-frame/pkg/logger/logger.go:31","func":"gin-frame/router.Router.RequestLogger.func3","ip":"::1","level":"info","method":"GET","msg":"Incoming request","path":"/user/info/2","time":"2024-06-13T18:46:56+08:00"}
{"file":"/Users/gdyg/Downloads/gin-frame/pkg/logger/logger.go:31","func":"gin-frame/router.Router.RequestLogger.func3","ip":"::1","level":"info","method":"GET","msg":"Incoming request","path":"/user/info/2","time":"2024-06-13T18:46:56+08:00"}
{"file":"/Users/gdyg/Downloads/gin-frame/pkg/logger/logger.go:31","func":"gin-frame/router.Router.RequestLogger.func3","ip":"::1","level":"info","method":"GET","msg":"Incoming request","path":"/user/info/2","time":"2024-06-13T18:46:56+08:00"}
{"file":"/Users/gdyg/Downloads/gin-frame/pkg/logger/logger.go:31","func":"gin-frame/router.Router.RequestLogger.func3","ip":"::1","level":"info","method":"GET","msg":"Incoming request","path":"/user/info/2","time":"2024-06-13T18:46:56+08:00"}
{"file":"/Users/gdyg/Downloads/gin-frame/pkg/logger/logger.go:31","func":"gin-frame/router.Router.RequestLogger.func3","ip":"::1","level":"info","method":"GET","msg":"Incoming request","path":"/user/info/2","time":"2024-06-13T18:46:56+08:00"}
{"file":"/Users/gdyg/Downloads/gin-frame/pkg/logger/logger.go:76","func":"gin-frame/router.Router.RecoveryMiddleware.func4.1","level":"error","msg":"Recovered from panic: reflect: reflect.Value.SetInt using unaddressable value","time":"2024-06-13T18:46:56+08:00"}
{"file":"/Users/gdyg/Downloads/gin-frame/pkg/logger/logger.go:76","func":"gin-frame/router.Router.RecoveryMiddleware.func4.1","level":"error","msg":"Recovered from panic: reflect: reflect.Value.SetInt using unaddressable value","time":"2024-06-13T18:46:56+08:00"}
{"file":"/Users/gdyg/Downloads/gin-frame/pkg/logger/logger.go:76","func":"gin-frame/router.Router.RecoveryMiddleware.func4.1","level":"error","msg":"Recovered from panic: reflect: reflect.Value.SetInt using unaddressable value","time":"2024-06-13T18:46:56+08:00"}
{"file":"/Users/gdyg/Downloads/gin-frame/pkg/logger/logger.go:76","func":"gin-frame/router.Router.RecoveryMiddleware.func4.1","level":"error","msg":"Recovered from panic: reflect: reflect.Value.SetInt using unaddressable value","time":"2024-06-13T18:46:56+08:00"}
{"file":"/Users/gdyg/Downloads/gin-frame/pkg/logger/logger.go:76","func":"gin-frame/router.Router.RecoveryMiddleware.func4.1","level":"error","msg":"Recovered from panic: reflect: reflect.Value.SetInt using unaddressable value","time":"2024-06-13T18:46:56+08:00"}
{"file":"/Users/gdyg/Downloads/gin-frame/pkg/logger/logger.go:76","func":"gin-frame/router.Router.RecoveryMiddleware.func4.1","level":"error","msg":"Recovered from panic: reflect: reflect.Value.SetInt using unaddressable value","time":"2024-06-13T18:46:56+08:00"}
{"file":"/Users/gdyg/Downloads/gin-frame/pkg/logger/logger.go:39","func":"gin-frame/router.Router.RequestLogger.func3","level":"info","msg":"Request handled","status":200,"time":"2024-06-13T18:46:56+08:00"}
{"file":"/Users/gdyg/Downloads/gin-frame/pkg/logger/logger.go:39","func":"gin-frame/router.Router.RequestLogger.func3","level":"info","msg":"Request handled","status":200,"time":"2024-06-13T18:46:56+08:00"}
{"file":"/Users/gdyg/Downloads/gin-frame/pkg/logger/logger.go:39","func":"gin-frame/router.Router.RequestLogger.func3","level":"info","msg":"Request handled","status":200,"time":"2024-06-13T18:46:56+08:00"}
{"file":"/Users/gdyg/Downloads/gin-frame/pkg/logger/logger.go:39","func":"gin-frame/router.Router.RequestLogger.func3","level":"info","msg":"Request handled","status":200,"time":"2024-06-13T18:46:56+08:00"}
{"file":"/Users/gdyg/Downloads/gin-frame/pkg/logger/logger.go:39","func":"gin-frame/router.Router.RequestLogger.func3","level":"info","msg":"Request handled","status":200,"time":"2024-06-13T18:46:56+08:00"}
{"file":"/Users/gdyg/Downloads/gin-frame/pkg/logger/logger.go:39","func":"gin-frame/router.Router.RequestLogger.func3","level":"info","msg":"Request handled","status":200,"time":"2024-06-13T18:46:56+08:00"}
{"file":"/Users/gdyg/Downloads/gin-frame/pkg/logger/logger.go:31","func":"gin-frame/router.Router.RequestLogger.func3","ip":"::1","level":"info","method":"GET","msg":"Incoming request","path":"/user/info/2","time":"2024-06-13T18:48:43+08:00"}
{"file":"/Users/gdyg/Downloads/gin-frame/pkg/logger/logger.go:31","func":"gin-frame/router.Router.RequestLogger.func3","ip":"::1","level":"info","method":"GET","msg":"Incoming request","path":"/user/info/2","time":"2024-06-13T18:48:43+08:00"}
{"file":"/Users/gdyg/Downloads/gin-frame/pkg/logger/logger.go:39","func":"gin-frame/router.Router.RequestLogger.func3","level":"info","msg":"Request handled","status":200,"time":"2024-06-13T18:48:43+08:00"}
{"file":"/Users/gdyg/Downloads/gin-frame/pkg/logger/logger.go:39","func":"gin-frame/router.Router.RequestLogger.func3","level":"info","msg":"Request handled","status":200,"time":"2024-06-13T18:48:43+08:00"}
{"file":"/Users/gdyg/Downloads/gin-frame/pkg/logger/logger.go:31","func":"gin-frame/router.Router.RequestLogger.func3","ip":"::1","level":"info","method":"GET","msg":"Incoming request","path":"/user/info/1","time":"2024-06-13T18:48:53+08:00"}
{"file":"/Users/gdyg/Downloads/gin-frame/pkg/logger/logger.go:31","func":"gin-frame/router.Router.RequestLogger.func3","ip":"::1","level":"info","method":"GET","msg":"Incoming request","path":"/user/info/1","time":"2024-06-13T18:48:53+08:00"}
{"file":"/Users/gdyg/Downloads/gin-frame/pkg/logger/logger.go:31","func":"gin-frame/router.Router.RequestLogger.func3","ip":"::1","level":"info","method":"GET","msg":"Incoming request","path":"/user/info/1","time":"2024-06-13T18:48:53+08:00"}
{"file":"/Users/gdyg/Downloads/gin-frame/pkg/logger/logger.go:31","func":"gin-frame/router.Router.RequestLogger.func3","ip":"::1","level":"info","method":"GET","msg":"Incoming request","path":"/user/info/1","time":"2024-06-13T18:48:53+08:00"}
{"file":"/Users/gdyg/Downloads/gin-frame/pkg/logger/logger.go:39","func":"gin-frame/router.Router.RequestLogger.func3","level":"info","msg":"Request handled","status":200,"time":"2024-06-13T18:48:53+08:00"}
{"file":"/Users/gdyg/Downloads/gin-frame/pkg/logger/logger.go:39","func":"gin-frame/router.Router.RequestLogger.func3","level":"info","msg":"Request handled","status":200,"time":"2024-06-13T18:48:53+08:00"}
{"file":"/Users/gdyg/Downloads/gin-frame/pkg/logger/logger.go:39","func":"gin-frame/router.Router.RequestLogger.func3","level":"info","msg":"Request handled","status":200,"time":"2024-06-13T18:48:53+08:00"}
{"file":"/Users/gdyg/Downloads/gin-frame/pkg/logger/logger.go:39","func":"gin-frame/router.Router.RequestLogger.func3","level":"info","msg":"Request handled","status":200,"time":"2024-06-13T18:48:53+08:00"}
