{"file":"/Users/gdyg/projectAll/gin-frame/pkg/logger/logger.go:31","func":"gin-frame/router.Router.RequestLogger.func1","ip":"::1","level":"info","method":"GET","msg":"Incoming request","path":"/user/info/1","time":"2024-09-25T10:04:22+08:00"}
{"file":"/Users/gdyg/projectAll/gin-frame/pkg/logger/logger.go:39","func":"gin-frame/router.Router.RequestLogger.func1","level":"info","msg":"Request handled","status":200,"time":"2024-09-25T10:04:22+08:00"}
{"file":"/Users/gdyg/projectAll/gin-frame/pkg/logger/logger.go:31","func":"gin-frame/router.Router.RequestLogger.func1","ip":"::1","level":"info","method":"GET","msg":"Incoming request","path":"/user/info/1","time":"2024-09-25T10:05:36+08:00"}
{"file":"/Users/gdyg/projectAll/gin-frame/pkg/logger/logger.go:39","func":"gin-frame/router.Router.RequestLogger.func1","level":"info","msg":"Request handled","status":200,"time":"2024-09-25T10:05:37+08:00"}
{"file":"/Users/gdyg/projectAll/gin-frame/pkg/logger/logger.go:31","func":"gin-frame/router.Router.RequestLogger.func1","ip":"::1","level":"info","method":"GET","msg":"Incoming request","path":"/user/info/1","time":"2024-09-25T10:06:39+08:00"}
{"file":"/Users/gdyg/projectAll/gin-frame/pkg/logger/logger.go:39","func":"gin-frame/router.Router.RequestLogger.func1","level":"info","msg":"Request handled","status":200,"time":"2024-09-25T10:06:39+08:00"}
{"file":"/Users/gdyg/projectAll/gin-frame/pkg/logger/logger.go:31","func":"gin-frame/router.Router.RequestLogger.func1","ip":"::1","level":"info","method":"GET","msg":"Incoming request","path":"/user/info/1","time":"2024-09-25T10:07:12+08:00"}
{"file":"/Users/gdyg/projectAll/gin-frame/pkg/logger/logger.go:39","func":"gin-frame/router.Router.RequestLogger.func1","level":"info","msg":"Request handled","status":200,"time":"2024-09-25T10:07:13+08:00"}
{"file":"/Users/gdyg/projectAll/gin-frame/pkg/logger/logger.go:31","func":"gin-frame/router.Router.RequestLogger.func1","ip":"::1","level":"info","method":"GET","msg":"Incoming request","path":"/user/info/1","time":"2024-09-25T10:07:37+08:00"}
{"file":"/Users/gdyg/projectAll/gin-frame/pkg/logger/logger.go:31","func":"gin-frame/router.Router.RequestLogger.func1","ip":"::1","level":"info","method":"GET","msg":"Incoming request","path":"/user/info/1","time":"2024-09-25T10:07:37+08:00"}
{"file":"/Users/gdyg/projectAll/gin-frame/pkg/logger/logger.go:39","func":"gin-frame/router.Router.RequestLogger.func1","level":"info","msg":"Request handled","status":200,"time":"2024-09-25T10:07:37+08:00"}
{"file":"/Users/gdyg/projectAll/gin-frame/pkg/logger/logger.go:39","func":"gin-frame/router.Router.RequestLogger.func1","level":"info","msg":"Request handled","status":200,"time":"2024-09-25T10:07:37+08:00"}
{"file":"/Users/gdyg/projectAll/gin-frame/pkg/logger/logger.go:31","func":"gin-frame/router.Router.RequestLogger.func1","ip":"::1","level":"info","method":"GET","msg":"Incoming request","path":"/user/info/1","time":"2024-09-25T10:08:01+08:00"}
{"file":"/Users/gdyg/projectAll/gin-frame/pkg/logger/logger.go:39","func":"gin-frame/router.Router.RequestLogger.func1","level":"info","msg":"Request handled","status":200,"time":"2024-09-25T10:08:01+08:00"}
{"file":"/Users/gdyg/projectAll/gin-frame/pkg/logger/logger.go:31","func":"gin-frame/router.Router.RequestLogger.func1","ip":"::1","level":"info","method":"GET","msg":"Incoming request","path":"/user/info/1","time":"2024-09-25T10:10:11+08:00"}
{"file":"/Users/gdyg/projectAll/gin-frame/pkg/logger/logger.go:39","func":"gin-frame/router.Router.RequestLogger.func1","level":"info","msg":"Request handled","status":200,"time":"2024-09-25T10:10:11+08:00"}
{"file":"/Users/gdyg/projectAll/gin-frame/pkg/logger/logger.go:31","func":"gin-frame/router.Router.RequestLogger.func1","ip":"::1","level":"info","method":"GET","msg":"Incoming request","path":"/user/info/1","time":"2024-09-25T10:10:54+08:00"}
{"file":"/Users/gdyg/projectAll/gin-frame/pkg/logger/logger.go:39","func":"gin-frame/router.Router.RequestLogger.func1","level":"info","msg":"Request handled","status":200,"time":"2024-09-25T10:10:54+08:00"}
{"file":"/Users/gdyg/projectAll/gin-frame/pkg/logger/logger.go:31","func":"gin-frame/router.Router.RequestLogger.func1","ip":"::1","level":"info","method":"GET","msg":"Incoming request","path":"/user/info/1","time":"2024-09-25T11:48:53+08:00"}
{"file":"/Users/gdyg/projectAll/gin-frame/pkg/logger/logger.go:76","func":"gin-frame/router.Router.RecoveryMiddleware.func2.1","level":"error","msg":"Recovered from panic: runtime error: invalid memory address or nil pointer dereference","time":"2024-09-25T11:48:54+08:00"}
{"file":"/Users/gdyg/projectAll/gin-frame/pkg/logger/logger.go:39","func":"gin-frame/router.Router.RequestLogger.func1","level":"info","msg":"Request handled","status":200,"time":"2024-09-25T11:48:54+08:00"}
{"file":"/Users/gdyg/projectAll/gin-frame/pkg/logger/logger.go:31","func":"gin-frame/router.Router.RequestLogger.func1","ip":"::1","level":"info","method":"GET","msg":"Incoming request","path":"/user/info/1","time":"2024-09-25T11:49:19+08:00"}
{"file":"/Users/gdyg/projectAll/gin-frame/pkg/logger/logger.go:31","func":"gin-frame/router.Router.RequestLogger.func1","ip":"::1","level":"info","method":"GET","msg":"Incoming request","path":"/user/info/1","time":"2024-09-25T11:49:19+08:00"}
{"file":"/Users/gdyg/projectAll/gin-frame/pkg/logger/logger.go:76","func":"gin-frame/router.Router.RecoveryMiddleware.func2.1","level":"error","msg":"Recovered from panic: runtime error: invalid memory address or nil pointer dereference","time":"2024-09-25T11:49:19+08:00"}
{"file":"/Users/gdyg/projectAll/gin-frame/pkg/logger/logger.go:76","func":"gin-frame/router.Router.RecoveryMiddleware.func2.1","level":"error","msg":"Recovered from panic: runtime error: invalid memory address or nil pointer dereference","time":"2024-09-25T11:49:19+08:00"}
{"file":"/Users/gdyg/projectAll/gin-frame/pkg/logger/logger.go:39","func":"gin-frame/router.Router.RequestLogger.func1","level":"info","msg":"Request handled","status":200,"time":"2024-09-25T11:49:19+08:00"}
{"file":"/Users/gdyg/projectAll/gin-frame/pkg/logger/logger.go:39","func":"gin-frame/router.Router.RequestLogger.func1","level":"info","msg":"Request handled","status":200,"time":"2024-09-25T11:49:19+08:00"}
{"file":"/Users/gdyg/projectAll/gin-frame/pkg/logger/logger.go:31","func":"gin-frame/router.Router.RequestLogger.func1","ip":"::1","level":"info","method":"GET","msg":"Incoming request","path":"/user/info/1","time":"2024-09-25T11:49:20+08:00"}
{"file":"/Users/gdyg/projectAll/gin-frame/pkg/logger/logger.go:31","func":"gin-frame/router.Router.RequestLogger.func1","ip":"::1","level":"info","method":"GET","msg":"Incoming request","path":"/user/info/1","time":"2024-09-25T11:49:20+08:00"}
{"file":"/Users/gdyg/projectAll/gin-frame/pkg/logger/logger.go:31","func":"gin-frame/router.Router.RequestLogger.func1","ip":"::1","level":"info","method":"GET","msg":"Incoming request","path":"/user/info/1","time":"2024-09-25T11:49:20+08:00"}
{"file":"/Users/gdyg/projectAll/gin-frame/pkg/logger/logger.go:76","func":"gin-frame/router.Router.RecoveryMiddleware.func2.1","level":"error","msg":"Recovered from panic: runtime error: invalid memory address or nil pointer dereference","time":"2024-09-25T11:49:21+08:00"}
{"file":"/Users/gdyg/projectAll/gin-frame/pkg/logger/logger.go:76","func":"gin-frame/router.Router.RecoveryMiddleware.func2.1","level":"error","msg":"Recovered from panic: runtime error: invalid memory address or nil pointer dereference","time":"2024-09-25T11:49:21+08:00"}
{"file":"/Users/gdyg/projectAll/gin-frame/pkg/logger/logger.go:76","func":"gin-frame/router.Router.RecoveryMiddleware.func2.1","level":"error","msg":"Recovered from panic: runtime error: invalid memory address or nil pointer dereference","time":"2024-09-25T11:49:21+08:00"}
{"file":"/Users/gdyg/projectAll/gin-frame/pkg/logger/logger.go:39","func":"gin-frame/router.Router.RequestLogger.func1","level":"info","msg":"Request handled","status":200,"time":"2024-09-25T11:49:21+08:00"}
{"file":"/Users/gdyg/projectAll/gin-frame/pkg/logger/logger.go:39","func":"gin-frame/router.Router.RequestLogger.func1","level":"info","msg":"Request handled","status":200,"time":"2024-09-25T11:49:21+08:00"}
{"file":"/Users/gdyg/projectAll/gin-frame/pkg/logger/logger.go:39","func":"gin-frame/router.Router.RequestLogger.func1","level":"info","msg":"Request handled","status":200,"time":"2024-09-25T11:49:21+08:00"}
{"file":"/Users/gdyg/projectAll/gin-frame/pkg/logger/logger.go:31","func":"gin-frame/router.Router.RequestLogger.func1","ip":"::1","level":"info","method":"GET","msg":"Incoming request","path":"/user/info/1","time":"2024-09-25T11:49:22+08:00"}
{"file":"/Users/gdyg/projectAll/gin-frame/pkg/logger/logger.go:31","func":"gin-frame/router.Router.RequestLogger.func1","ip":"::1","level":"info","method":"GET","msg":"Incoming request","path":"/user/info/1","time":"2024-09-25T11:49:22+08:00"}
{"file":"/Users/gdyg/projectAll/gin-frame/pkg/logger/logger.go:31","func":"gin-frame/router.Router.RequestLogger.func1","ip":"::1","level":"info","method":"GET","msg":"Incoming request","path":"/user/info/1","time":"2024-09-25T11:49:22+08:00"}
{"file":"/Users/gdyg/projectAll/gin-frame/pkg/logger/logger.go:31","func":"gin-frame/router.Router.RequestLogger.func1","ip":"::1","level":"info","method":"GET","msg":"Incoming request","path":"/user/info/1","time":"2024-09-25T11:49:22+08:00"}
{"file":"/Users/gdyg/projectAll/gin-frame/pkg/logger/logger.go:76","func":"gin-frame/router.Router.RecoveryMiddleware.func2.1","level":"error","msg":"Recovered from panic: runtime error: invalid memory address or nil pointer dereference","time":"2024-09-25T11:49:22+08:00"}
{"file":"/Users/gdyg/projectAll/gin-frame/pkg/logger/logger.go:76","func":"gin-frame/router.Router.RecoveryMiddleware.func2.1","level":"error","msg":"Recovered from panic: runtime error: invalid memory address or nil pointer dereference","time":"2024-09-25T11:49:22+08:00"}
{"file":"/Users/gdyg/projectAll/gin-frame/pkg/logger/logger.go:76","func":"gin-frame/router.Router.RecoveryMiddleware.func2.1","level":"error","msg":"Recovered from panic: runtime error: invalid memory address or nil pointer dereference","time":"2024-09-25T11:49:22+08:00"}
{"file":"/Users/gdyg/projectAll/gin-frame/pkg/logger/logger.go:76","func":"gin-frame/router.Router.RecoveryMiddleware.func2.1","level":"error","msg":"Recovered from panic: runtime error: invalid memory address or nil pointer dereference","time":"2024-09-25T11:49:22+08:00"}
{"file":"/Users/gdyg/projectAll/gin-frame/pkg/logger/logger.go:39","func":"gin-frame/router.Router.RequestLogger.func1","level":"info","msg":"Request handled","status":200,"time":"2024-09-25T11:49:22+08:00"}
{"file":"/Users/gdyg/projectAll/gin-frame/pkg/logger/logger.go:39","func":"gin-frame/router.Router.RequestLogger.func1","level":"info","msg":"Request handled","status":200,"time":"2024-09-25T11:49:22+08:00"}
{"file":"/Users/gdyg/projectAll/gin-frame/pkg/logger/logger.go:39","func":"gin-frame/router.Router.RequestLogger.func1","level":"info","msg":"Request handled","status":200,"time":"2024-09-25T11:49:22+08:00"}
{"file":"/Users/gdyg/projectAll/gin-frame/pkg/logger/logger.go:39","func":"gin-frame/router.Router.RequestLogger.func1","level":"info","msg":"Request handled","status":200,"time":"2024-09-25T11:49:22+08:00"}
{"file":"/Users/gdyg/projectAll/gin-frame/pkg/logger/logger.go:31","func":"gin-frame/router.Router.RequestLogger.func1","ip":"::1","level":"info","method":"GET","msg":"Incoming request","path":"/user/info/1","time":"2024-09-25T11:49:23+08:00"}
{"file":"/Users/gdyg/projectAll/gin-frame/pkg/logger/logger.go:31","func":"gin-frame/router.Router.RequestLogger.func1","ip":"::1","level":"info","method":"GET","msg":"Incoming request","path":"/user/info/1","time":"2024-09-25T11:49:23+08:00"}
{"file":"/Users/gdyg/projectAll/gin-frame/pkg/logger/logger.go:31","func":"gin-frame/router.Router.RequestLogger.func1","ip":"::1","level":"info","method":"GET","msg":"Incoming request","path":"/user/info/1","time":"2024-09-25T11:49:23+08:00"}
{"file":"/Users/gdyg/projectAll/gin-frame/pkg/logger/logger.go:31","func":"gin-frame/router.Router.RequestLogger.func1","ip":"::1","level":"info","method":"GET","msg":"Incoming request","path":"/user/info/1","time":"2024-09-25T11:49:23+08:00"}
{"file":"/Users/gdyg/projectAll/gin-frame/pkg/logger/logger.go:31","func":"gin-frame/router.Router.RequestLogger.func1","ip":"::1","level":"info","method":"GET","msg":"Incoming request","path":"/user/info/1","time":"2024-09-25T11:49:23+08:00"}
{"file":"/Users/gdyg/projectAll/gin-frame/pkg/logger/logger.go:76","func":"gin-frame/router.Router.RecoveryMiddleware.func2.1","level":"error","msg":"Recovered from panic: runtime error: invalid memory address or nil pointer dereference","time":"2024-09-25T11:49:23+08:00"}
{"file":"/Users/gdyg/projectAll/gin-frame/pkg/logger/logger.go:76","func":"gin-frame/router.Router.RecoveryMiddleware.func2.1","level":"error","msg":"Recovered from panic: runtime error: invalid memory address or nil pointer dereference","time":"2024-09-25T11:49:23+08:00"}
{"file":"/Users/gdyg/projectAll/gin-frame/pkg/logger/logger.go:76","func":"gin-frame/router.Router.RecoveryMiddleware.func2.1","level":"error","msg":"Recovered from panic: runtime error: invalid memory address or nil pointer dereference","time":"2024-09-25T11:49:23+08:00"}
{"file":"/Users/gdyg/projectAll/gin-frame/pkg/logger/logger.go:76","func":"gin-frame/router.Router.RecoveryMiddleware.func2.1","level":"error","msg":"Recovered from panic: runtime error: invalid memory address or nil pointer dereference","time":"2024-09-25T11:49:23+08:00"}
{"file":"/Users/gdyg/projectAll/gin-frame/pkg/logger/logger.go:76","func":"gin-frame/router.Router.RecoveryMiddleware.func2.1","level":"error","msg":"Recovered from panic: runtime error: invalid memory address or nil pointer dereference","time":"2024-09-25T11:49:23+08:00"}
{"file":"/Users/gdyg/projectAll/gin-frame/pkg/logger/logger.go:39","func":"gin-frame/router.Router.RequestLogger.func1","level":"info","msg":"Request handled","status":200,"time":"2024-09-25T11:49:23+08:00"}
{"file":"/Users/gdyg/projectAll/gin-frame/pkg/logger/logger.go:39","func":"gin-frame/router.Router.RequestLogger.func1","level":"info","msg":"Request handled","status":200,"time":"2024-09-25T11:49:23+08:00"}
{"file":"/Users/gdyg/projectAll/gin-frame/pkg/logger/logger.go:39","func":"gin-frame/router.Router.RequestLogger.func1","level":"info","msg":"Request handled","status":200,"time":"2024-09-25T11:49:23+08:00"}
{"file":"/Users/gdyg/projectAll/gin-frame/pkg/logger/logger.go:39","func":"gin-frame/router.Router.RequestLogger.func1","level":"info","msg":"Request handled","status":200,"time":"2024-09-25T11:49:23+08:00"}
{"file":"/Users/gdyg/projectAll/gin-frame/pkg/logger/logger.go:39","func":"gin-frame/router.Router.RequestLogger.func1","level":"info","msg":"Request handled","status":200,"time":"2024-09-25T11:49:23+08:00"}
{"file":"/Users/gdyg/projectAll/gin-frame/pkg/logger/logger.go:31","func":"gin-frame/router.Router.RequestLogger.func1","ip":"::1","level":"info","method":"GET","msg":"Incoming request","path":"/user/info/1","time":"2024-09-25T11:49:48+08:00"}
{"file":"/Users/gdyg/projectAll/gin-frame/pkg/logger/logger.go:76","func":"gin-frame/router.Router.RecoveryMiddleware.func2.1","level":"error","msg":"Recovered from panic: runtime error: invalid memory address or nil pointer dereference","time":"2024-09-25T11:49:48+08:00"}
{"file":"/Users/gdyg/projectAll/gin-frame/pkg/logger/logger.go:39","func":"gin-frame/router.Router.RequestLogger.func1","level":"info","msg":"Request handled","status":200,"time":"2024-09-25T11:49:48+08:00"}
{"file":"/Users/gdyg/projectAll/gin-frame/pkg/logger/logger.go:31","func":"gin-frame/router.Router.RequestLogger.func1","ip":"::1","level":"info","method":"GET","msg":"Incoming request","path":"/user/info/1","time":"2024-09-25T11:50:04+08:00"}
{"file":"/Users/gdyg/projectAll/gin-frame/pkg/logger/logger.go:76","func":"gin-frame/router.Router.RecoveryMiddleware.func2.1","level":"error","msg":"Recovered from panic: runtime error: invalid memory address or nil pointer dereference","time":"2024-09-25T11:50:04+08:00"}
{"file":"/Users/gdyg/projectAll/gin-frame/pkg/logger/logger.go:39","func":"gin-frame/router.Router.RequestLogger.func1","level":"info","msg":"Request handled","status":200,"time":"2024-09-25T11:50:04+08:00"}
{"file":"/Users/gdyg/projectAll/gin-frame/pkg/logger/logger.go:31","func":"gin-frame/router.Router.RequestLogger.func1","ip":"::1","level":"info","method":"GET","msg":"Incoming request","path":"/user/info/1","time":"2024-09-25T11:50:48+08:00"}
{"file":"/Users/gdyg/projectAll/gin-frame/pkg/logger/logger.go:76","func":"gin-frame/router.Router.RecoveryMiddleware.func2.1","level":"error","msg":"Recovered from panic: runtime error: invalid memory address or nil pointer dereference","time":"2024-09-25T11:50:48+08:00"}
{"file":"/Users/gdyg/projectAll/gin-frame/pkg/logger/logger.go:39","func":"gin-frame/router.Router.RequestLogger.func1","level":"info","msg":"Request handled","status":200,"time":"2024-09-25T11:50:48+08:00"}
{"file":"/Users/gdyg/projectAll/gin-frame/pkg/logger/logger.go:31","func":"gin-frame/router.Router.RequestLogger.func1","ip":"::1","level":"info","method":"GET","msg":"Incoming request","path":"/user/info/1","time":"2024-09-25T14:30:39+08:00"}
{"file":"/Users/gdyg/projectAll/gin-frame/pkg/logger/logger.go:39","func":"gin-frame/router.Router.RequestLogger.func1","level":"info","msg":"Request handled","status":200,"time":"2024-09-25T14:30:39+08:00"}
{"file":"/Users/gdyg/projectAll/gin-frame/pkg/logger/logger.go:31","func":"gin-frame/router.Router.RequestLogger.func1","ip":"::1","level":"info","method":"GET","msg":"Incoming request","path":"/user/info/1","time":"2024-09-25T14:31:25+08:00"}
{"file":"/Users/gdyg/projectAll/gin-frame/pkg/logger/logger.go:31","func":"gin-frame/router.Router.RequestLogger.func1","ip":"::1","level":"info","method":"GET","msg":"Incoming request","path":"/user/info/1","time":"2024-09-25T14:31:25+08:00"}
{"file":"/Users/gdyg/projectAll/gin-frame/pkg/logger/logger.go:39","func":"gin-frame/router.Router.RequestLogger.func1","level":"info","msg":"Request handled","status":200,"time":"2024-09-25T14:31:25+08:00"}
{"file":"/Users/gdyg/projectAll/gin-frame/pkg/logger/logger.go:39","func":"gin-frame/router.Router.RequestLogger.func1","level":"info","msg":"Request handled","status":200,"time":"2024-09-25T14:31:25+08:00"}
{"file":"/Users/gdyg/projectAll/gin-frame/pkg/logger/logger.go:31","func":"gin-frame/router.Router.RequestLogger.func1","ip":"::1","level":"info","method":"GET","msg":"Incoming request","path":"/user/info/1","time":"2024-09-25T14:31:43+08:00"}
{"file":"/Users/gdyg/projectAll/gin-frame/pkg/logger/logger.go:31","func":"gin-frame/router.Router.RequestLogger.func1","ip":"::1","level":"info","method":"GET","msg":"Incoming request","path":"/user/info/1","time":"2024-09-25T14:31:43+08:00"}
{"file":"/Users/gdyg/projectAll/gin-frame/pkg/logger/logger.go:31","func":"gin-frame/router.Router.RequestLogger.func1","ip":"::1","level":"info","method":"GET","msg":"Incoming request","path":"/user/info/1","time":"2024-09-25T14:31:43+08:00"}
{"file":"/Users/gdyg/projectAll/gin-frame/pkg/logger/logger.go:39","func":"gin-frame/router.Router.RequestLogger.func1","level":"info","msg":"Request handled","status":200,"time":"2024-09-25T14:31:43+08:00"}
{"file":"/Users/gdyg/projectAll/gin-frame/pkg/logger/logger.go:39","func":"gin-frame/router.Router.RequestLogger.func1","level":"info","msg":"Request handled","status":200,"time":"2024-09-25T14:31:43+08:00"}
{"file":"/Users/gdyg/projectAll/gin-frame/pkg/logger/logger.go:39","func":"gin-frame/router.Router.RequestLogger.func1","level":"info","msg":"Request handled","status":200,"time":"2024-09-25T14:31:43+08:00"}
{"file":"/Users/gdyg/projectAll/gin-frame/pkg/logger/logger.go:31","func":"gin-frame/router.Router.RequestLogger.func1","ip":"::1","level":"info","method":"GET","msg":"Incoming request","path":"/user/info/1","time":"2024-09-25T14:32:39+08:00"}
{"file":"/Users/gdyg/projectAll/gin-frame/pkg/logger/logger.go:76","func":"gin-frame/router.Router.RecoveryMiddleware.func2.1","level":"error","msg":"Recovered from panic: runtime error: invalid memory address or nil pointer dereference","time":"2024-09-25T14:32:39+08:00"}
{"file":"/Users/gdyg/projectAll/gin-frame/pkg/logger/logger.go:39","func":"gin-frame/router.Router.RequestLogger.func1","level":"info","msg":"Request handled","status":200,"time":"2024-09-25T14:32:39+08:00"}
{"file":"/Users/gdyg/projectAll/gin-frame/pkg/logger/logger.go:31","func":"gin-frame/router.Router.RequestLogger.func1","ip":"::1","level":"info","method":"GET","msg":"Incoming request","path":"/user/info/1","time":"2024-09-25T14:39:34+08:00"}
{"file":"/Users/gdyg/projectAll/gin-frame/pkg/logger/logger.go:76","func":"gin-frame/router.Router.RecoveryMiddleware.func2.1","level":"error","msg":"Recovered from panic: redis: can't marshal models.User (implement encoding.BinaryMarshaler)","time":"2024-09-25T14:39:34+08:00"}
{"file":"/Users/gdyg/projectAll/gin-frame/pkg/logger/logger.go:39","func":"gin-frame/router.Router.RequestLogger.func1","level":"info","msg":"Request handled","status":200,"time":"2024-09-25T14:39:34+08:00"}
{"file":"/Users/gdyg/projectAll/gin-frame/pkg/logger/logger.go:31","func":"gin-frame/router.Router.RequestLogger.func1","ip":"::1","level":"info","method":"GET","msg":"Incoming request","path":"/user/info/1","time":"2024-09-25T14:39:56+08:00"}
{"file":"/Users/gdyg/projectAll/gin-frame/pkg/logger/logger.go:76","func":"gin-frame/router.Router.RecoveryMiddleware.func2.1","level":"error","msg":"Recovered from panic: redis: can't marshal models.User (implement encoding.BinaryMarshaler)","time":"2024-09-25T14:39:56+08:00"}
{"file":"/Users/gdyg/projectAll/gin-frame/pkg/logger/logger.go:39","func":"gin-frame/router.Router.RequestLogger.func1","level":"info","msg":"Request handled","status":200,"time":"2024-09-25T14:39:56+08:00"}
{"file":"/Users/gdyg/projectAll/gin-frame/pkg/logger/logger.go:31","func":"gin-frame/router.Router.RequestLogger.func1","ip":"::1","level":"info","method":"GET","msg":"Incoming request","path":"/user/info/1","time":"2024-09-25T14:40:15+08:00"}
{"file":"/Users/gdyg/projectAll/gin-frame/pkg/logger/logger.go:76","func":"gin-frame/router.Router.RecoveryMiddleware.func2.1","level":"error","msg":"Recovered from panic: redis: can't marshal models.User (implement encoding.BinaryMarshaler)","time":"2024-09-25T14:40:15+08:00"}
{"file":"/Users/gdyg/projectAll/gin-frame/pkg/logger/logger.go:39","func":"gin-frame/router.Router.RequestLogger.func1","level":"info","msg":"Request handled","status":200,"time":"2024-09-25T14:40:15+08:00"}
{"file":"/Users/gdyg/projectAll/gin-frame/pkg/logger/logger.go:31","func":"gin-frame/router.Router.RequestLogger.func1","ip":"::1","level":"info","method":"GET","msg":"Incoming request","path":"/user/info/1","time":"2024-09-25T14:41:21+08:00"}
{"file":"/Users/gdyg/projectAll/gin-frame/pkg/logger/logger.go:76","func":"gin-frame/router.Router.RecoveryMiddleware.func2.1","level":"error","msg":"Recovered from panic: redis: can't marshal models.User (implement encoding.BinaryMarshaler)","time":"2024-09-25T14:41:21+08:00"}
{"file":"/Users/gdyg/projectAll/gin-frame/pkg/logger/logger.go:39","func":"gin-frame/router.Router.RequestLogger.func1","level":"info","msg":"Request handled","status":200,"time":"2024-09-25T14:41:21+08:00"}
{"file":"/Users/gdyg/projectAll/gin-frame/pkg/logger/logger.go:31","func":"gin-frame/router.Router.RequestLogger.func1","ip":"::1","level":"info","method":"GET","msg":"Incoming request","path":"/user/info/1","time":"2024-09-25T14:42:18+08:00"}
{"file":"/Users/gdyg/projectAll/gin-frame/pkg/logger/logger.go:76","func":"gin-frame/router.Router.RecoveryMiddleware.func2.1","level":"error","msg":"Recovered from panic: redis: can't marshal models.User (implement encoding.BinaryMarshaler)","time":"2024-09-25T14:42:18+08:00"}
{"file":"/Users/gdyg/projectAll/gin-frame/pkg/logger/logger.go:39","func":"gin-frame/router.Router.RequestLogger.func1","level":"info","msg":"Request handled","status":200,"time":"2024-09-25T14:42:18+08:00"}
{"file":"/Users/gdyg/projectAll/gin-frame/pkg/logger/logger.go:31","func":"gin-frame/router.Router.RequestLogger.func1","ip":"::1","level":"info","method":"GET","msg":"Incoming request","path":"/user/info/1","time":"2024-09-25T14:45:48+08:00"}
{"file":"/Users/gdyg/projectAll/gin-frame/pkg/logger/logger.go:76","func":"gin-frame/router.Router.RecoveryMiddleware.func2.1","level":"error","msg":"Recovered from panic: redis: can't marshal models.User (implement encoding.BinaryMarshaler)","time":"2024-09-25T14:45:48+08:00"}
{"file":"/Users/gdyg/projectAll/gin-frame/pkg/logger/logger.go:39","func":"gin-frame/router.Router.RequestLogger.func1","level":"info","msg":"Request handled","status":200,"time":"2024-09-25T14:45:48+08:00"}
{"file":"/Users/gdyg/projectAll/gin-frame/pkg/logger/logger.go:31","func":"gin-frame/router.Router.RequestLogger.func1","ip":"::1","level":"info","method":"GET","msg":"Incoming request","path":"/user/info/1","time":"2024-09-25T14:46:15+08:00"}
{"file":"/Users/gdyg/projectAll/gin-frame/pkg/logger/logger.go:76","func":"gin-frame/router.Router.RecoveryMiddleware.func2.1","level":"error","msg":"Recovered from panic: redis: can't marshal models.User (implement encoding.BinaryMarshaler)","time":"2024-09-25T14:46:15+08:00"}
{"file":"/Users/gdyg/projectAll/gin-frame/pkg/logger/logger.go:39","func":"gin-frame/router.Router.RequestLogger.func1","level":"info","msg":"Request handled","status":200,"time":"2024-09-25T14:46:15+08:00"}
{"file":"/Users/gdyg/projectAll/gin-frame/pkg/logger/logger.go:31","func":"gin-frame/router.Router.RequestLogger.func1","ip":"::1","level":"info","method":"GET","msg":"Incoming request","path":"/user/info/1","time":"2024-09-25T14:47:06+08:00"}
{"file":"/Users/gdyg/projectAll/gin-frame/pkg/logger/logger.go:76","func":"gin-frame/router.Router.RecoveryMiddleware.func2.1","level":"error","msg":"Recovered from panic: redis: can't marshal models.User (implement encoding.BinaryMarshaler)","time":"2024-09-25T14:47:06+08:00"}
{"file":"/Users/gdyg/projectAll/gin-frame/pkg/logger/logger.go:39","func":"gin-frame/router.Router.RequestLogger.func1","level":"info","msg":"Request handled","status":200,"time":"2024-09-25T14:47:06+08:00"}
{"file":"/Users/gdyg/projectAll/gin-frame/pkg/logger/logger.go:31","func":"gin-frame/router.Router.RequestLogger.func1","ip":"::1","level":"info","method":"GET","msg":"Incoming request","path":"/user/info/1","time":"2024-09-25T14:47:30+08:00"}
{"file":"/Users/gdyg/projectAll/gin-frame/pkg/logger/logger.go:76","func":"gin-frame/router.Router.RecoveryMiddleware.func2.1","level":"error","msg":"Recovered from panic: redis: can't marshal models.User (implement encoding.BinaryMarshaler)","time":"2024-09-25T14:47:31+08:00"}
{"file":"/Users/gdyg/projectAll/gin-frame/pkg/logger/logger.go:39","func":"gin-frame/router.Router.RequestLogger.func1","level":"info","msg":"Request handled","status":200,"time":"2024-09-25T14:47:31+08:00"}
{"file":"/Users/gdyg/projectAll/gin-frame/pkg/logger/logger.go:31","func":"gin-frame/router.Router.RequestLogger.func1","ip":"::1","level":"info","method":"GET","msg":"Incoming request","path":"/user/info/1","time":"2024-09-25T14:48:43+08:00"}
{"file":"/Users/gdyg/projectAll/gin-frame/pkg/logger/logger.go:76","func":"gin-frame/router.Router.RecoveryMiddleware.func2.1","level":"error","msg":"Recovered from panic: redis: can't marshal models.User (implement encoding.BinaryMarshaler)","time":"2024-09-25T14:48:43+08:00"}
{"file":"/Users/gdyg/projectAll/gin-frame/pkg/logger/logger.go:39","func":"gin-frame/router.Router.RequestLogger.func1","level":"info","msg":"Request handled","status":200,"time":"2024-09-25T14:48:43+08:00"}
{"file":"/Users/gdyg/projectAll/gin-frame/pkg/logger/logger.go:31","func":"gin-frame/router.Router.RequestLogger.func1","ip":"::1","level":"info","method":"GET","msg":"Incoming request","path":"/user/info/1","time":"2024-09-25T14:49:42+08:00"}
{"file":"/Users/gdyg/projectAll/gin-frame/pkg/logger/logger.go:76","func":"gin-frame/router.Router.RecoveryMiddleware.func2.1","level":"error","msg":"Recovered from panic: panic called with nil argument","time":"2024-09-25T14:49:42+08:00"}
{"file":"/Users/gdyg/projectAll/gin-frame/pkg/logger/logger.go:39","func":"gin-frame/router.Router.RequestLogger.func1","level":"info","msg":"Request handled","status":200,"time":"2024-09-25T14:49:42+08:00"}
{"file":"/Users/gdyg/projectAll/gin-frame/pkg/logger/logger.go:31","func":"gin-frame/router.Router.RequestLogger.func1","ip":"::1","level":"info","method":"GET","msg":"Incoming request","path":"/user/info/1","time":"2024-09-25T14:49:48+08:00"}
{"file":"/Users/gdyg/projectAll/gin-frame/pkg/logger/logger.go:31","func":"gin-frame/router.Router.RequestLogger.func1","ip":"::1","level":"info","method":"GET","msg":"Incoming request","path":"/user/info/1","time":"2024-09-25T14:49:48+08:00"}
{"file":"/Users/gdyg/projectAll/gin-frame/pkg/logger/logger.go:76","func":"gin-frame/router.Router.RecoveryMiddleware.func2.1","level":"error","msg":"Recovered from panic: runtime error: invalid memory address or nil pointer dereference","time":"2024-09-25T14:49:48+08:00"}
{"file":"/Users/gdyg/projectAll/gin-frame/pkg/logger/logger.go:76","func":"gin-frame/router.Router.RecoveryMiddleware.func2.1","level":"error","msg":"Recovered from panic: runtime error: invalid memory address or nil pointer dereference","time":"2024-09-25T14:49:48+08:00"}
{"file":"/Users/gdyg/projectAll/gin-frame/pkg/logger/logger.go:39","func":"gin-frame/router.Router.RequestLogger.func1","level":"info","msg":"Request handled","status":200,"time":"2024-09-25T14:49:48+08:00"}
{"file":"/Users/gdyg/projectAll/gin-frame/pkg/logger/logger.go:39","func":"gin-frame/router.Router.RequestLogger.func1","level":"info","msg":"Request handled","status":200,"time":"2024-09-25T14:49:48+08:00"}
{"file":"/Users/gdyg/projectAll/gin-frame/pkg/logger/logger.go:31","func":"gin-frame/router.Router.RequestLogger.func1","ip":"::1","level":"info","method":"GET","msg":"Incoming request","path":"/user/info/1","time":"2024-09-25T14:59:35+08:00"}
{"file":"/Users/gdyg/projectAll/gin-frame/pkg/logger/logger.go:76","func":"gin-frame/router.Router.RecoveryMiddleware.func2.1","level":"error","msg":"Recovered from panic: runtime error: invalid memory address or nil pointer dereference","time":"2024-09-25T14:59:35+08:00"}
{"file":"/Users/gdyg/projectAll/gin-frame/pkg/logger/logger.go:39","func":"gin-frame/router.Router.RequestLogger.func1","level":"info","msg":"Request handled","status":200,"time":"2024-09-25T14:59:35+08:00"}
{"file":"/Users/gdyg/projectAll/gin-frame/pkg/logger/logger.go:31","func":"gin-frame/router.Router.RequestLogger.func1","ip":"::1","level":"info","method":"GET","msg":"Incoming request","path":"/user/info/1","time":"2024-09-25T15:01:11+08:00"}
{"file":"/Users/gdyg/projectAll/gin-frame/pkg/logger/logger.go:39","func":"gin-frame/router.Router.RequestLogger.func1","level":"info","msg":"Request handled","status":200,"time":"2024-09-25T15:01:11+08:00"}
{"file":"/Users/gdyg/projectAll/gin-frame/pkg/logger/logger.go:31","func":"gin-frame/router.Router.RequestLogger.func1","ip":"::1","level":"info","method":"GET","msg":"Incoming request","path":"/user/info/1","time":"2024-09-25T15:01:42+08:00"}
{"file":"/Users/gdyg/projectAll/gin-frame/pkg/logger/logger.go:76","func":"gin-frame/router.Router.RecoveryMiddleware.func2.1","level":"error","msg":"Recovered from panic: runtime error: invalid memory address or nil pointer dereference","time":"2024-09-25T15:01:42+08:00"}
{"file":"/Users/gdyg/projectAll/gin-frame/pkg/logger/logger.go:39","func":"gin-frame/router.Router.RequestLogger.func1","level":"info","msg":"Request handled","status":200,"time":"2024-09-25T15:01:42+08:00"}
{"file":"/Users/gdyg/projectAll/gin-frame/pkg/logger/logger.go:31","func":"gin-frame/router.Router.RequestLogger.func1","ip":"::1","level":"info","method":"GET","msg":"Incoming request","path":"/user/info/1","time":"2024-09-25T15:01:49+08:00"}
{"file":"/Users/gdyg/projectAll/gin-frame/pkg/logger/logger.go:31","func":"gin-frame/router.Router.RequestLogger.func1","ip":"::1","level":"info","method":"GET","msg":"Incoming request","path":"/user/info/1","time":"2024-09-25T15:01:49+08:00"}
{"file":"/Users/gdyg/projectAll/gin-frame/pkg/logger/logger.go:76","func":"gin-frame/router.Router.RecoveryMiddleware.func2.1","level":"error","msg":"Recovered from panic: runtime error: invalid memory address or nil pointer dereference","time":"2024-09-25T15:01:49+08:00"}
{"file":"/Users/gdyg/projectAll/gin-frame/pkg/logger/logger.go:76","func":"gin-frame/router.Router.RecoveryMiddleware.func2.1","level":"error","msg":"Recovered from panic: runtime error: invalid memory address or nil pointer dereference","time":"2024-09-25T15:01:49+08:00"}
{"file":"/Users/gdyg/projectAll/gin-frame/pkg/logger/logger.go:39","func":"gin-frame/router.Router.RequestLogger.func1","level":"info","msg":"Request handled","status":200,"time":"2024-09-25T15:01:49+08:00"}
{"file":"/Users/gdyg/projectAll/gin-frame/pkg/logger/logger.go:39","func":"gin-frame/router.Router.RequestLogger.func1","level":"info","msg":"Request handled","status":200,"time":"2024-09-25T15:01:49+08:00"}
{"file":"/Users/gdyg/projectAll/gin-frame/pkg/logger/logger.go:31","func":"gin-frame/router.Router.RequestLogger.func1","ip":"::1","level":"info","method":"GET","msg":"Incoming request","path":"/user/info/1","time":"2024-09-25T15:12:48+08:00"}
{"file":"/Users/gdyg/projectAll/gin-frame/pkg/logger/logger.go:76","func":"gin-frame/router.Router.RecoveryMiddleware.func2.1","level":"error","msg":"Recovered from panic: interface conversion: interface {} is nil, not models.User","time":"2024-09-25T15:12:48+08:00"}
{"file":"/Users/gdyg/projectAll/gin-frame/pkg/logger/logger.go:39","func":"gin-frame/router.Router.RequestLogger.func1","level":"info","msg":"Request handled","status":200,"time":"2024-09-25T15:12:48+08:00"}
{"file":"/Users/gdyg/projectAll/gin-frame/pkg/logger/logger.go:31","func":"gin-frame/router.Router.RequestLogger.func1","ip":"::1","level":"info","method":"GET","msg":"Incoming request","path":"/user/info/1","time":"2024-09-25T15:13:22+08:00"}
{"file":"/Users/gdyg/projectAll/gin-frame/pkg/logger/logger.go:76","func":"gin-frame/router.Router.RecoveryMiddleware.func2.1","level":"error","msg":"Recovered from panic: interface conversion: interface {} is nil, not models.User","time":"2024-09-25T15:13:22+08:00"}
{"file":"/Users/gdyg/projectAll/gin-frame/pkg/logger/logger.go:39","func":"gin-frame/router.Router.RequestLogger.func1","level":"info","msg":"Request handled","status":200,"time":"2024-09-25T15:13:22+08:00"}
{"file":"/Users/gdyg/projectAll/gin-frame/pkg/logger/logger.go:31","func":"gin-frame/router.Router.RequestLogger.func1","ip":"::1","level":"info","method":"GET","msg":"Incoming request","path":"/user/info/1","time":"2024-09-25T15:13:39+08:00"}
{"file":"/Users/gdyg/projectAll/gin-frame/pkg/logger/logger.go:31","func":"gin-frame/router.Router.RequestLogger.func1","ip":"::1","level":"info","method":"GET","msg":"Incoming request","path":"/user/info/1","time":"2024-09-25T15:13:39+08:00"}
{"file":"/Users/gdyg/projectAll/gin-frame/pkg/logger/logger.go:76","func":"gin-frame/router.Router.RecoveryMiddleware.func2.1","level":"error","msg":"Recovered from panic: interface conversion: interface {} is nil, not models.User","time":"2024-09-25T15:13:39+08:00"}
{"file":"/Users/gdyg/projectAll/gin-frame/pkg/logger/logger.go:76","func":"gin-frame/router.Router.RecoveryMiddleware.func2.1","level":"error","msg":"Recovered from panic: interface conversion: interface {} is nil, not models.User","time":"2024-09-25T15:13:39+08:00"}
{"file":"/Users/gdyg/projectAll/gin-frame/pkg/logger/logger.go:39","func":"gin-frame/router.Router.RequestLogger.func1","level":"info","msg":"Request handled","status":200,"time":"2024-09-25T15:13:39+08:00"}
{"file":"/Users/gdyg/projectAll/gin-frame/pkg/logger/logger.go:39","func":"gin-frame/router.Router.RequestLogger.func1","level":"info","msg":"Request handled","status":200,"time":"2024-09-25T15:13:39+08:00"}
{"file":"/Users/gdyg/projectAll/gin-frame/pkg/logger/logger.go:31","func":"gin-frame/router.Router.RequestLogger.func1","ip":"::1","level":"info","method":"GET","msg":"Incoming request","path":"/user/info/1","time":"2024-09-25T15:14:36+08:00"}
{"file":"/Users/gdyg/projectAll/gin-frame/pkg/logger/logger.go:76","func":"gin-frame/router.Router.RecoveryMiddleware.func2.1","level":"error","msg":"Recovered from panic: runtime error: invalid memory address or nil pointer dereference","time":"2024-09-25T15:14:36+08:00"}
{"file":"/Users/gdyg/projectAll/gin-frame/pkg/logger/logger.go:39","func":"gin-frame/router.Router.RequestLogger.func1","level":"info","msg":"Request handled","status":200,"time":"2024-09-25T15:14:36+08:00"}
{"file":"/Users/gdyg/projectAll/gin-frame/pkg/logger/logger.go:31","func":"gin-frame/router.Router.RequestLogger.func1","ip":"::1","level":"info","method":"GET","msg":"Incoming request","path":"/user/info/1","time":"2024-09-25T15:15:24+08:00"}
{"file":"/Users/gdyg/projectAll/gin-frame/pkg/logger/logger.go:76","func":"gin-frame/router.Router.RecoveryMiddleware.func2.1","level":"error","msg":"Recovered from panic: runtime error: invalid memory address or nil pointer dereference","time":"2024-09-25T15:15:25+08:00"}
{"file":"/Users/gdyg/projectAll/gin-frame/pkg/logger/logger.go:39","func":"gin-frame/router.Router.RequestLogger.func1","level":"info","msg":"Request handled","status":200,"time":"2024-09-25T15:15:25+08:00"}
{"file":"/Users/gdyg/projectAll/gin-frame/pkg/logger/logger.go:31","func":"gin-frame/router.Router.RequestLogger.func1","ip":"::1","level":"info","method":"GET","msg":"Incoming request","path":"/user/info/2","time":"2024-09-25T15:15:41+08:00"}
{"file":"/Users/gdyg/projectAll/gin-frame/pkg/logger/logger.go:31","func":"gin-frame/router.Router.RequestLogger.func1","ip":"::1","level":"info","method":"GET","msg":"Incoming request","path":"/user/info/2","time":"2024-09-25T15:15:41+08:00"}
{"file":"/Users/gdyg/projectAll/gin-frame/pkg/logger/logger.go:39","func":"gin-frame/router.Router.RequestLogger.func1","level":"info","msg":"Request handled","status":200,"time":"2024-09-25T15:15:41+08:00"}
{"file":"/Users/gdyg/projectAll/gin-frame/pkg/logger/logger.go:39","func":"gin-frame/router.Router.RequestLogger.func1","level":"info","msg":"Request handled","status":200,"time":"2024-09-25T15:15:41+08:00"}
{"file":"/Users/gdyg/projectAll/gin-frame/pkg/logger/logger.go:31","func":"gin-frame/router.Router.RequestLogger.func1","ip":"::1","level":"info","method":"GET","msg":"Incoming request","path":"/user/info/2","time":"2024-09-25T15:15:44+08:00"}
{"file":"/Users/gdyg/projectAll/gin-frame/pkg/logger/logger.go:31","func":"gin-frame/router.Router.RequestLogger.func1","ip":"::1","level":"info","method":"GET","msg":"Incoming request","path":"/user/info/2","time":"2024-09-25T15:15:44+08:00"}
{"file":"/Users/gdyg/projectAll/gin-frame/pkg/logger/logger.go:31","func":"gin-frame/router.Router.RequestLogger.func1","ip":"::1","level":"info","method":"GET","msg":"Incoming request","path":"/user/info/2","time":"2024-09-25T15:15:44+08:00"}
{"file":"/Users/gdyg/projectAll/gin-frame/pkg/logger/logger.go:76","func":"gin-frame/router.Router.RecoveryMiddleware.func2.1","level":"error","msg":"Recovered from panic: runtime error: invalid memory address or nil pointer dereference","time":"2024-09-25T15:15:44+08:00"}
{"file":"/Users/gdyg/projectAll/gin-frame/pkg/logger/logger.go:76","func":"gin-frame/router.Router.RecoveryMiddleware.func2.1","level":"error","msg":"Recovered from panic: runtime error: invalid memory address or nil pointer dereference","time":"2024-09-25T15:15:44+08:00"}
{"file":"/Users/gdyg/projectAll/gin-frame/pkg/logger/logger.go:76","func":"gin-frame/router.Router.RecoveryMiddleware.func2.1","level":"error","msg":"Recovered from panic: runtime error: invalid memory address or nil pointer dereference","time":"2024-09-25T15:15:44+08:00"}
{"file":"/Users/gdyg/projectAll/gin-frame/pkg/logger/logger.go:39","func":"gin-frame/router.Router.RequestLogger.func1","level":"info","msg":"Request handled","status":200,"time":"2024-09-25T15:15:44+08:00"}
{"file":"/Users/gdyg/projectAll/gin-frame/pkg/logger/logger.go:39","func":"gin-frame/router.Router.RequestLogger.func1","level":"info","msg":"Request handled","status":200,"time":"2024-09-25T15:15:44+08:00"}
{"file":"/Users/gdyg/projectAll/gin-frame/pkg/logger/logger.go:39","func":"gin-frame/router.Router.RequestLogger.func1","level":"info","msg":"Request handled","status":200,"time":"2024-09-25T15:15:44+08:00"}
{"file":"/Users/gdyg/projectAll/gin-frame/pkg/logger/logger.go:31","func":"gin-frame/router.Router.RequestLogger.func1","ip":"::1","level":"info","method":"GET","msg":"Incoming request","path":"/user/info/2","time":"2024-09-25T15:17:01+08:00"}
{"file":"/Users/gdyg/projectAll/gin-frame/pkg/logger/logger.go:76","func":"gin-frame/router.Router.RecoveryMiddleware.func2.1","level":"error","msg":"Recovered from panic: runtime error: invalid memory address or nil pointer dereference","time":"2024-09-25T15:17:02+08:00"}
{"file":"/Users/gdyg/projectAll/gin-frame/pkg/logger/logger.go:39","func":"gin-frame/router.Router.RequestLogger.func1","level":"info","msg":"Request handled","status":200,"time":"2024-09-25T15:17:02+08:00"}
{"file":"/Users/gdyg/projectAll/gin-frame/pkg/logger/logger.go:31","func":"gin-frame/router.Router.RequestLogger.func1","ip":"::1","level":"info","method":"GET","msg":"Incoming request","path":"/user/info/2","time":"2024-09-25T15:19:22+08:00"}
{"file":"/Users/gdyg/projectAll/gin-frame/pkg/logger/logger.go:76","func":"gin-frame/router.Router.RecoveryMiddleware.func2.1","level":"error","msg":"Recovered from panic: runtime error: invalid memory address or nil pointer dereference","time":"2024-09-25T15:19:22+08:00"}
{"file":"/Users/gdyg/projectAll/gin-frame/pkg/logger/logger.go:39","func":"gin-frame/router.Router.RequestLogger.func1","level":"info","msg":"Request handled","status":200,"time":"2024-09-25T15:19:22+08:00"}
{"file":"/Users/gdyg/projectAll/gin-frame/pkg/logger/logger.go:31","func":"gin-frame/router.Router.RequestLogger.func1","ip":"::1","level":"info","method":"GET","msg":"Incoming request","path":"/user/info/2","time":"2024-09-25T15:24:48+08:00"}
{"file":"/Users/gdyg/projectAll/gin-frame/pkg/logger/logger.go:76","func":"gin-frame/router.Router.RecoveryMiddleware.func2.1","level":"error","msg":"Recovered from panic: runtime error: invalid memory address or nil pointer dereference","time":"2024-09-25T15:24:48+08:00"}
{"file":"/Users/gdyg/projectAll/gin-frame/pkg/logger/logger.go:39","func":"gin-frame/router.Router.RequestLogger.func1","level":"info","msg":"Request handled","status":200,"time":"2024-09-25T15:24:48+08:00"}
{"file":"/Users/gdyg/projectAll/gin-frame/pkg/logger/logger.go:31","func":"gin-frame/router.Router.RequestLogger.func1","ip":"::1","level":"info","method":"GET","msg":"Incoming request","path":"/user/info/2","time":"2024-09-25T15:25:14+08:00"}
{"file":"/Users/gdyg/projectAll/gin-frame/pkg/logger/logger.go:76","func":"gin-frame/router.Router.RecoveryMiddleware.func2.1","level":"error","msg":"Recovered from panic: runtime error: invalid memory address or nil pointer dereference","time":"2024-09-25T15:25:14+08:00"}
{"file":"/Users/gdyg/projectAll/gin-frame/pkg/logger/logger.go:39","func":"gin-frame/router.Router.RequestLogger.func1","level":"info","msg":"Request handled","status":200,"time":"2024-09-25T15:25:14+08:00"}
{"file":"/Users/gdyg/projectAll/gin-frame/pkg/logger/logger.go:31","func":"gin-frame/router.Router.RequestLogger.func1","ip":"::1","level":"info","method":"GET","msg":"Incoming request","path":"/user/info/2","time":"2024-09-25T15:25:58+08:00"}
{"file":"/Users/gdyg/projectAll/gin-frame/pkg/logger/logger.go:76","func":"gin-frame/router.Router.RecoveryMiddleware.func2.1","level":"error","msg":"Recovered from panic: runtime error: invalid memory address or nil pointer dereference","time":"2024-09-25T15:25:58+08:00"}
{"file":"/Users/gdyg/projectAll/gin-frame/pkg/logger/logger.go:39","func":"gin-frame/router.Router.RequestLogger.func1","level":"info","msg":"Request handled","status":200,"time":"2024-09-25T15:25:58+08:00"}
{"file":"/Users/gdyg/projectAll/gin-frame/pkg/logger/logger.go:31","func":"gin-frame/router.Router.RequestLogger.func1","ip":"::1","level":"info","method":"GET","msg":"Incoming request","path":"/user/info/2","time":"2024-09-25T15:26:10+08:00"}
{"file":"/Users/gdyg/projectAll/gin-frame/pkg/logger/logger.go:31","func":"gin-frame/router.Router.RequestLogger.func1","ip":"::1","level":"info","method":"GET","msg":"Incoming request","path":"/user/info/2","time":"2024-09-25T15:26:10+08:00"}
{"file":"/Users/gdyg/projectAll/gin-frame/pkg/logger/logger.go:76","func":"gin-frame/router.Router.RecoveryMiddleware.func2.1","level":"error","msg":"Recovered from panic: runtime error: invalid memory address or nil pointer dereference","time":"2024-09-25T15:26:10+08:00"}
{"file":"/Users/gdyg/projectAll/gin-frame/pkg/logger/logger.go:76","func":"gin-frame/router.Router.RecoveryMiddleware.func2.1","level":"error","msg":"Recovered from panic: runtime error: invalid memory address or nil pointer dereference","time":"2024-09-25T15:26:10+08:00"}
{"file":"/Users/gdyg/projectAll/gin-frame/pkg/logger/logger.go:39","func":"gin-frame/router.Router.RequestLogger.func1","level":"info","msg":"Request handled","status":200,"time":"2024-09-25T15:26:10+08:00"}
{"file":"/Users/gdyg/projectAll/gin-frame/pkg/logger/logger.go:39","func":"gin-frame/router.Router.RequestLogger.func1","level":"info","msg":"Request handled","status":200,"time":"2024-09-25T15:26:10+08:00"}
{"file":"/Users/gdyg/projectAll/gin-frame/pkg/logger/logger.go:31","func":"gin-frame/router.Router.RequestLogger.func1","ip":"::1","level":"info","method":"GET","msg":"Incoming request","path":"/user/info/2","time":"2024-09-25T15:29:13+08:00"}
{"file":"/Users/gdyg/projectAll/gin-frame/pkg/logger/logger.go:76","func":"gin-frame/router.Router.RecoveryMiddleware.func2.1","level":"error","msg":"Recovered from panic: runtime error: invalid memory address or nil pointer dereference","time":"2024-09-25T15:29:13+08:00"}
{"file":"/Users/gdyg/projectAll/gin-frame/pkg/logger/logger.go:39","func":"gin-frame/router.Router.RequestLogger.func1","level":"info","msg":"Request handled","status":200,"time":"2024-09-25T15:29:13+08:00"}
{"file":"/Users/gdyg/projectAll/gin-frame/pkg/logger/logger.go:31","func":"gin-frame/router.Router.RequestLogger.func1","ip":"::1","level":"info","method":"GET","msg":"Incoming request","path":"/user/info/2","time":"2024-09-25T15:29:19+08:00"}
{"file":"/Users/gdyg/projectAll/gin-frame/pkg/logger/logger.go:31","func":"gin-frame/router.Router.RequestLogger.func1","ip":"::1","level":"info","method":"GET","msg":"Incoming request","path":"/user/info/2","time":"2024-09-25T15:29:19+08:00"}
{"file":"/Users/gdyg/projectAll/gin-frame/pkg/logger/logger.go:76","func":"gin-frame/router.Router.RecoveryMiddleware.func2.1","level":"error","msg":"Recovered from panic: runtime error: invalid memory address or nil pointer dereference","time":"2024-09-25T15:29:19+08:00"}
{"file":"/Users/gdyg/projectAll/gin-frame/pkg/logger/logger.go:76","func":"gin-frame/router.Router.RecoveryMiddleware.func2.1","level":"error","msg":"Recovered from panic: runtime error: invalid memory address or nil pointer dereference","time":"2024-09-25T15:29:19+08:00"}
{"file":"/Users/gdyg/projectAll/gin-frame/pkg/logger/logger.go:39","func":"gin-frame/router.Router.RequestLogger.func1","level":"info","msg":"Request handled","status":200,"time":"2024-09-25T15:29:19+08:00"}
{"file":"/Users/gdyg/projectAll/gin-frame/pkg/logger/logger.go:39","func":"gin-frame/router.Router.RequestLogger.func1","level":"info","msg":"Request handled","status":200,"time":"2024-09-25T15:29:19+08:00"}
{"file":"/Users/gdyg/projectAll/gin-frame/pkg/logger/logger.go:31","func":"gin-frame/router.Router.RequestLogger.func1","ip":"::1","level":"info","method":"GET","msg":"Incoming request","path":"/user/info/2","time":"2024-09-25T15:30:04+08:00"}
{"file":"/Users/gdyg/projectAll/gin-frame/pkg/logger/logger.go:76","func":"gin-frame/router.Router.RecoveryMiddleware.func2.1","level":"error","msg":"Recovered from panic: panic called with nil argument","time":"2024-09-25T15:30:04+08:00"}
{"file":"/Users/gdyg/projectAll/gin-frame/pkg/logger/logger.go:39","func":"gin-frame/router.Router.RequestLogger.func1","level":"info","msg":"Request handled","status":200,"time":"2024-09-25T15:30:04+08:00"}
{"file":"/Users/gdyg/projectAll/gin-frame/pkg/logger/logger.go:31","func":"gin-frame/router.Router.RequestLogger.func1","ip":"::1","level":"info","method":"GET","msg":"Incoming request","path":"/user/info/2","time":"2024-09-25T15:30:29+08:00"}
{"file":"/Users/gdyg/projectAll/gin-frame/pkg/logger/logger.go:76","func":"gin-frame/router.Router.RecoveryMiddleware.func2.1","level":"error","msg":"Recovered from panic: json: Unmarshal(nil)","time":"2024-09-25T15:30:29+08:00"}
{"file":"/Users/gdyg/projectAll/gin-frame/pkg/logger/logger.go:39","func":"gin-frame/router.Router.RequestLogger.func1","level":"info","msg":"Request handled","status":200,"time":"2024-09-25T15:30:29+08:00"}
{"file":"/Users/gdyg/projectAll/gin-frame/pkg/logger/logger.go:31","func":"gin-frame/router.Router.RequestLogger.func1","ip":"::1","level":"info","method":"GET","msg":"Incoming request","path":"/user/info/2","time":"2024-09-25T15:30:47+08:00"}
{"file":"/Users/gdyg/projectAll/gin-frame/pkg/logger/logger.go:76","func":"gin-frame/router.Router.RecoveryMiddleware.func2.1","level":"error","msg":"Recovered from panic: json: Unmarshal(nil)","time":"2024-09-25T15:30:48+08:00"}
{"file":"/Users/gdyg/projectAll/gin-frame/pkg/logger/logger.go:39","func":"gin-frame/router.Router.RequestLogger.func1","level":"info","msg":"Request handled","status":200,"time":"2024-09-25T15:30:48+08:00"}
{"file":"/Users/gdyg/projectAll/gin-frame/pkg/logger/logger.go:31","func":"gin-frame/router.Router.RequestLogger.func1","ip":"::1","level":"info","method":"GET","msg":"Incoming request","path":"/user/info/2","time":"2024-09-25T15:31:22+08:00"}
{"file":"/Users/gdyg/projectAll/gin-frame/pkg/logger/logger.go:76","func":"gin-frame/router.Router.RecoveryMiddleware.func2.1","level":"error","msg":"Recovered from panic: runtime error: invalid memory address or nil pointer dereference","time":"2024-09-25T15:31:22+08:00"}
{"file":"/Users/gdyg/projectAll/gin-frame/pkg/logger/logger.go:39","func":"gin-frame/router.Router.RequestLogger.func1","level":"info","msg":"Request handled","status":200,"time":"2024-09-25T15:31:22+08:00"}
{"file":"/Users/gdyg/projectAll/gin-frame/pkg/logger/logger.go:31","func":"gin-frame/router.Router.RequestLogger.func1","ip":"::1","level":"info","method":"GET","msg":"Incoming request","path":"/user/info/2","time":"2024-09-25T15:31:53+08:00"}
{"file":"/Users/gdyg/projectAll/gin-frame/pkg/logger/logger.go:76","func":"gin-frame/router.Router.RecoveryMiddleware.func2.1","level":"error","msg":"Recovered from panic: interface conversion: interface {} is map[string]interface {}, not models.User","time":"2024-09-25T15:31:54+08:00"}
{"file":"/Users/gdyg/projectAll/gin-frame/pkg/logger/logger.go:39","func":"gin-frame/router.Router.RequestLogger.func1","level":"info","msg":"Request handled","status":200,"time":"2024-09-25T15:31:54+08:00"}
